Exception ignored in: <_io.TextIOWrapper name='<stdout>' mode='w' encoding='utf-8'>
BrokenPipeError: [Errno 32] Broken pipe
(node:14105) MaxListenersExceededWarning: Possible EventEmitter memory leak detected. 11 error listeners added to [PoolConnection]. Use emitter.setMaxListeners() to increase limit
(Use `node --trace-warnings ...` to show where the warning was created)
(node:14105) MaxListenersExceededWarning: Possible EventEmitter memory leak detected. 11 error listeners added to [PoolConnection]. Use emitter.setMaxListeners() to increase limit
(node:14105) MaxListenersExceededWarning: Possible EventEmitter memory leak detected. 11 error listeners added to [PoolConnection]. Use emitter.setMaxListeners() to increase limit
(node:14105) [DEP0005] DeprecationWarning: Buffer() is deprecated due to security and usability issues. Please use the Buffer.alloc(), Buffer.allocUnsafe(), or Buffer.from() methods instead.
(node:14105) MaxListenersExceededWarning: Possible EventEmitter memory leak detected. 11 error listeners added to [PoolConnection]. Use emitter.setMaxListeners() to increase limit
(node:14105) MaxListenersExceededWarning: Possible EventEmitter memory leak detected. 11 error listeners added to [PoolConnection]. Use emitter.setMaxListeners() to increase limit
(node:14105) MaxListenersExceededWarning: Possible EventEmitter memory leak detected. 11 error listeners added to [PoolConnection]. Use emitter.setMaxListeners() to increase limit
(node:14105) MaxListenersExceededWarning: Possible EventEmitter memory leak detected. 11 error listeners added to [PoolConnection]. Use emitter.setMaxListeners() to increase limit
(node:14105) MaxListenersExceededWarning: Possible EventEmitter memory leak detected. 11 error listeners added to [PoolConnection]. Use emitter.setMaxListeners() to increase limit
(node:14105) MaxListenersExceededWarning: Possible EventEmitter memory leak detected. 11 error listeners added to [PoolConnection]. Use emitter.setMaxListeners() to increase limit
(node:14105) MaxListenersExceededWarning: Possible EventEmitter memory leak detected. 11 error listeners added to [PoolConnection]. Use emitter.setMaxListeners() to increase limit
(node:14105) MaxListenersExceededWarning: Possible EventEmitter memory leak detected. 11 error listeners added to [PoolConnection]. Use emitter.setMaxListeners() to increase limit
(node:14105) MaxListenersExceededWarning: Possible EventEmitter memory leak detected. 11 error listeners added to [PoolConnection]. Use emitter.setMaxListeners() to increase limit
(node:14105) MaxListenersExceededWarning: Possible EventEmitter memory leak detected. 11 error listeners added to [PoolConnection]. Use emitter.setMaxListeners() to increase limit
(node:14105) MaxListenersExceededWarning: Possible EventEmitter memory leak detected. 11 error listeners added to [PoolConnection]. Use emitter.setMaxListeners() to increase limit
(node:14105) MaxListenersExceededWarning: Possible EventEmitter memory leak detected. 11 error listeners added to [PoolConnection]. Use emitter.setMaxListeners() to increase limit
(node:14105) MaxListenersExceededWarning: Possible EventEmitter memory leak detected. 11 error listeners added to [PoolConnection]. Use emitter.setMaxListeners() to increase limit
(node:14105) MaxListenersExceededWarning: Possible EventEmitter memory leak detected. 11 error listeners added to [PoolConnection]. Use emitter.setMaxListeners() to increase limit
(node:14105) MaxListenersExceededWarning: Possible EventEmitter memory leak detected. 11 error listeners added to [PoolConnection]. Use emitter.setMaxListeners() to increase limit
(node:14105) MaxListenersExceededWarning: Possible EventEmitter memory leak detected. 11 error listeners added to [PoolConnection]. Use emitter.setMaxListeners() to increase limit
(node:14105) MaxListenersExceededWarning: Possible EventEmitter memory leak detected. 11 error listeners added to [PoolConnection]. Use emitter.setMaxListeners() to increase limit
(node:14105) MaxListenersExceededWarning: Possible EventEmitter memory leak detected. 11 error listeners adde(node:14105) MaxListenersExceededWarning: Possible EventEmitter memory leak detected. 11 error listeners added to [PoolConnection]. Use emitter.setMaxListeners() to increase limit
(node:14105) MaxListenersExceededWarning: Possible EventEmitter memory leak detected. 11 error listeners added to [PoolConnection]. Use emitter.setMaxListeners() to increase limit
(node:14105) MaxListenersExceededWarning: Possible EventEmitter memory leak detected. 11 error listeners added to [PoolConnection]. Use emitter.setMaxListeners() to increase limit
(node:14105) MaxListenersExceededWarning: Possible EventEmitter memory leak detected. 11 error listeners added to [PoolConnection]. Use emitter.setMaxListeners() to increase limit
(node:14105) MaxListenersExceededWarning: Possible EventEmitter memory leak detected. 11 error listeners added to [PoolConnection]. Use emitter.setMaxListeners() to increase limit
(node:14105) MaxListenersExceededWarning: Possible EventEmitter memory leak detected. 11 error listeners added to [PoolConnection]. Use emitter.setMaxListeners() to increase limit
(node:14105) MaxListenersExceededWarning: Possible EventEmitter memory leak detected. 11 error listeners added to [PoolConnection]. Use emitter.setMaxListeners() to increase limit
(node:21510) MaxListenersExceededWarning: Possible EventEmitter memory leak detected. 11 error listeners added to [PoolConnection]. Use emitter.setMaxListeners() to increase limit
(Use `node --trace-warnings ...` to show where the warning was created)
(node:21510) MaxListenersExceededWarning: Possible EventEmitter memory leak detected. 11 error listeners added to [PoolConnection]. Use emitter.setMaxListeners() to increase limit
(node:8799) MaxListenersExceededWarning: Possible EventEmitter memory leak detected. 11 error listeners added to [PoolConnection]. Use emitter.setMaxListeners() to increase limit
(Use `node --trace-warnings ...` to show where the warning was created)
(node:8799) MaxListenersExceededWarning: Possible EventEmitter memory leak detected. 11 error listeners added to [PoolConnection]. Use emitter.setMaxListeners() to increase limit
(node:8799) MaxListenersExceededWarning: Possible EventEmitter memory leak detected. 11 error listeners added to [PoolConnection]. Use emitter.setMaxListeners() to increase limit
(node:8799) MaxListenersExceededWarning: Possible EventEmitter memory leak detected. 11 error listeners added to [PoolConnection]. Use emitter.setMaxListeners() to increase limit
(node:8799) [DEP0005] DeprecationWarning: Buffer() is deprecated due to security and usability issues. Please use the Buffer.alloc(), Buffer.allocUnsafe(), or Buffer.from() methods instead.
(node:8799) MaxListenersExceededWarning: Possible EventEmitter memory leak detected. 11 error listeners added to [PoolConnection]. Use emitter.setMaxListeners() to increase limit
(node:8799) MaxListenersExceededWarning: Possible EventEmitter memory leak detected. 11 error listeners added to [PoolConnection]. Use emitter.setMaxListeners() to increase limit
(node:8799) MaxListenersExceededWarning: Possible EventEmitter memory leak detected. 11 error listeners added to [PoolConnection]. Use emitter.setMaxListeners() to increase limit
(node:8799) UnhandledPromiseRejectionWarning: Error: connect ETIMEDOUT
    at PoolConnection._handleTimeoutError (/home/rencangd/nodevenv/backend-affiliator.rencangdahar.com/14/lib/node_modules/mysql2/lib/connection.js:203:17)
    at listOnTimeout (internal/timers.js:557:17)
    at processTimers (internal/timers.js:500:7)
(node:8799) UnhandledPromiseRejectionWarning: Unhandled promise rejection. This error originated either by throwing inside of an async function without a catch block, or by rejecting a promise which was not handled with .catch(). To terminate the node process on unhandled promise rejection, use the CLI flag `--unhandled-rejections=strict` (see https://nodejs.org/api/cli.html#cli_unhandled_rejections_mode). (rejection id: 1)
(node:8799) [DEP0018] DeprecationWarning: Unhandled promise rejections are deprecated. In the future, promise rejections that are not handled will terminate the Node.js process with a non-zero exit code.
(node:8799) MaxListenersExceededWarning: Possible EventEmitter memory leak detected. 11 error listeners added to [PoolConnection]. Use emitter.setMaxListeners() to increase limit
(node:8799) MaxListenersExceededWarning: Possible EventEmitter memory leak detected. 11 error listeners added to [PoolConnection]. Use emitter.setMaxListeners() to increase limit
(node:8799) MaxListenersExceededWarning: Possible EventEmitter memory leak detected. 11 error listeners added to [PoolConnection]. Use emitter.setMaxListeners() to increase limit
(node:8799) MaxListenersExceededWarning: Possible EventEmitter memory leak detected. 11 error listeners added to [PoolConnection]. Use emitter.setMaxListeners() to increase limit
(node:8799) UnhandledPromiseRejectionWarning: Error: connect ETIMEDOUT
    at PoolConnection._handleTimeoutError (/home/rencangd/nodevenv/backend-affiliator.rencangdahar.com/14/lib/node_modules/mysql2/lib/connection.js:203:17)
    at listOnTimeout (internal/timers.js:557:17)
    at processTimers (internal/timers.js:500:7)
(node:8799) UnhandledPromiseRejectionWarning: Unhandled promise rejection. This error originated either by throwing inside of an async function without a catch block, or by rejecting a promise which was not handled with .catch(). To terminate the node process on unhandled promise rejection, use the CLI flag `--unhandled-rejections=strict` (see https://nodejs.org/api/cli.html#cli_unhandled_rejections_mode). (rejection id: 2)
(node:8799) UnhandledPromiseRejectionWarning: Error: connect ETIMEDOUT
    at PoolConnection._handleTimeoutError (/home/rencangd/nodevenv/backend-affiliator.rencangdahar.com/14/lib/node_modules/mysql2/lib/connection.js:203:17)
    at listOnTimeout (internal/timers.js:557:17)
    at processTimers (internal/timers.js:500:7)
(node:8799) UnhandledPromiseRejectionWarning: Unhandled promise rejection. This error originated either by throwing inside of an async function without a catch block, or by rejecting a promise which was not handled with .catch(). To terminate the node process on unhandled promise rejection, use the CLI flag `--unhandled-rejections=strict` (see https://nodejs.org/api/cli.html#cli_unhandled_rejections_mode). (rejection id: 3)
(node:8799) UnhandledPromiseRejectionWarning: Error: connect ETIMEDOUT
    at PoolConnection._handleTimeoutError (/home/rencangd/nodevenv/backend-affiliator.rencangdahar.com/14/lib/node_modules/mysql2/lib/connection.js:203:17)
    at listOnTimeout (internal/timers.js:557:17)
    at processTimers (internal/timers.js:500:7)
(node:8799) UnhandledPromiseRejectionWarning: Unhandled promise rejection. This error originated either by throwing inside of an async function without a catch block, or by rejecting a promise which was not handled with .catch(). To terminate the node process on unhandled promise rejection, use the CLI flag `--unhandled-rejections=strict` (see https://nodejs.org/api/cli.html#cli_unhandled_rejections_mode). (rejection id: 4)
(node:8799) MaxListenersExceededWarning: Possible EventEmitter memory leak detected. 11 error listeners added to [PoolConnection]. Use emitter.setMaxListeners() to increase limit
(node:8799) UnhandledPromiseRejectionWarning: Error: connect ETIMEDOUT
    at PoolConnection._handleTimeoutError (/home/rencangd/nodevenv/backend-affiliator.rencangdahar.com/14/lib/node_modules/mysql2/lib/connection.js:203:17)
    at listOnTimeout (internal/timers.js:557:17)
    at processTimers (internal/timers.js:500:7)
(node:8799) UnhandledPromiseRejectionWarning: Unhandled promise rejection. This error originated either by throwing inside of an async function without a catch block, or by rejecting a promise which was not handled with .catch(). To terminate the node process on unhandled promise rejection, use the CLI flag `--unhandled-rejections=strict` (see https://nodejs.org/api/cli.html#cli_unhandled_rejections_mode). (rejection id: 5)
(node:8799) MaxListenersExceededWarning: Possible EventEmitter memory leak detected. 11 error listeners added to [PoolConnection]. Use emitter.setMaxListeners() to increase limit
(node:8799) UnhandledPromiseRejectionWarning: Error: read ETIMEDOUT
    at TLSWrap.onStreamRead (internal/stream_base_commons.js:209:20)
(node:8799) UnhandledPromiseRejectionWarning: Unhandled promise rejection. This error originated either by throwing inside of an async function without a catch block, or by rejecting a promise which was not handled with .catch(). To terminate the node process on unhandled promise rejection, use the CLI flag `--unhandled-rejections=strict` (see https://nodejs.org/api/cli.html#cli_unhandled_rejections_mode). (rejection id: 6)
(node:8799) MaxListenersExceededWarning: Possible EventEmitter memory leak detected. 11 error listeners added to [PoolConnection]. Use emitter.setMaxListeners() to increase limit
(node:8799) MaxListenersExceededWarning: Possible EventEmitter memory leak detected. 11 error listeners added to [PoolConnection]. Use emitter.setMaxListeners() to increase limit
(node:8799) MaxListenersExceededWarning: Possible EventEmitter memory leak detected. 11 error listeners added to [PoolConnection]. Use emitter.setMaxListeners() to increase limit
(node:8799) MaxListenersExceededWarning: Possible EventEmitter memory leak detected. 11 error listeners added to [PoolConnection]. Use emitter.setMaxListeners() to increase limit
(node:8799) MaxListenersExceededWarning: Possible EventEmitter memory leak detected. 11 error listeners added to [PoolConnection]. Use emitter.setMaxListeners() to increase limit
(node:8799) MaxListenersExceededWarning: Possible EventEmitter memory leak detected. 11 error listeners added to [PoolConnection]. Use emitter.setMaxListeners() to increase limit
(node:8799) MaxListenersExceededWarning: Possible EventEmitter memory leak detected. 11 error listeners added to [PoolConnection]. Use emitter.setMaxListeners() to increase limit
(node:8799) MaxListenersExceededWarning: Possible EventEmitter memory leak detected. 11 error listeners added to [PoolConnection]. Use emitter.setMaxListeners() to increase limit
(node:8799) MaxListenersExceededWarning: Possible EventEmitter memory leak detected. 11 error listeners added to [PoolConnection]. Use emitter.setMaxListeners() to increase limit
(node:8799) MaxListenersExceededWarning: Possible EventEmitter memory leak detected. 11 error listeners added to [PoolConnection]. Use emitter.setMaxListeners() to increase limit
(node:8799) MaxListenersExceededWarning: Possible EventEmitter memory leak detected. 11 error listeners added to [PoolConnection]. Use emitter.setMaxListeners() to increase limit
(node:8799) MaxListenersExceededWarning: Possible EventEmitter memory leak detected. 11 error listeners added to [PoolConnection]. Use emitter.setMaxListeners() to increase limit
(node:8799) MaxListenersExceededWarning: Possible EventEmitter memory leak detected. 11 error listeners added to [PoolConnection]. Use emitter.setMaxListeners() to increase limit
(node:8799) MaxListenersExceededWarning: Possible EventEmitter memory leak detected. 11 error listeners added to [PoolConnection]. Use emitter.setMaxListeners() to increase limit
(node:8799) MaxListenersExceededWarning: Possible EventEmitter memory leak detected. 11 error listeners added to [PoolConnection]. Use emitter.setMaxListeners() to increase limit
(node:8799) MaxListenersExceededWarning: Possible EventEmitter memory leak detected. 11 error listeners added to [PoolConnection]. Use emitter.setMaxListeners() to increase limit
(node:10804) MaxListenersExceededWarning: Possible EventEmitter memory leak detected. 11 error listeners added to [PoolConnection]. Use emitter.setMaxListeners() to increase limit
(Use `node --trace-warnings ...` to show where the warning was created)
(node:10804) MaxListenersExceededWarning: Possible EventEmitter memory leak detected. 11 error listeners added to [PoolConnection]. Use emitter.setMaxListeners() to increase limit
(node:10804) MaxListenersExceededWarning: Possible EventEmitter memory leak detected. 11 error listeners added to [PoolConnection]. Use emitter.setMaxListeners() to increase limit
(node:10804) MaxListenersExceededWarning: Possible EventEmitter memory leak detected. 11 error listeners added to [PoolConnection]. Use emitter.setMaxListeners() to increase limit
(node:10804) MaxListenersExceededWarning: Possible EventEmitter memory leak detected. 11 error listeners added to [PoolConnection]. Use emitter.setMaxListeners() to increase limit
(node:10804) MaxListenersExceededWarning: Possible EventEmitter memory leak detected. 11 error listeners added to [PoolConnection]. Use emitter.setMaxListeners() to increase limit
(node:10804) [DEP0005] DeprecationWarning: Buffer() is deprecated due to security and usability issues. Please use the Buffer.alloc(), Buffer.allocUnsafe(), or Buffer.from() methods instead.
(node:10804) MaxListenersExceededWarning: Possible EventEmitter memory leak detected. 11 error listeners added to [PoolConnection]. Use emitter.setMaxListeners() to increase limit
(node:10804) MaxListenersExceededWarning: Possible EventEmitter memory leak detected. 11 error listeners added to [PoolConnection]. Use emitter.setMaxListeners() to increase limit
(node:10804) MaxListenersExceededWarning: Possible EventEmitter memory leak detected. 11 error listeners added to [PoolConnection]. Use emitter.setMaxListeners() to increase limit
(node:10804) MaxListenersExceededWarning: Possible EventEmitter memory leak detected. 11 error listeners added to [PoolConnection]. Use emitter.setMaxListeners() to increase limit
(node:10804) MaxListenersExceededWarning: Possible EventEmitter memory leak detected. 11 error listeners added to [PoolConnection]. Use emitter.setMaxListeners() to increase limit
(node:10804) MaxListenersExceededWarning: Possible EventEmitter memory leak detected. 11 error listeners added to [PoolConnection]. Use emitter.setMaxListeners() to increase limit
(node:10804) MaxListenersExceededWarning: Possible EventEmitter memory leak detected. 11 error listeners added to [PoolConnection]. Use emitter.setMaxListeners() to increase limit
(node:10804) MaxListenersExceededWarning: Possible EventEmitter memory leak detected. 11 error listeners added to [PoolConnection]. Use emitter.setMaxListeners() to increase limit
(node:10804) UnhandledPromiseRejectionWarning: Error: connect ETIMEDOUT 109.106.252.108:443
    at Function.AxiosError.from (/home/rencangd/nodevenv/backend-affiliator.rencangdahar.com/14/lib/node_modules/axios/dist/node/axios.cjs:836:14)
    at RedirectableRequest.handleRequestError (/home/rencangd/nodevenv/backend-affiliator.rencangdahar.com/14/lib/node_modules/axios/dist/node/axios.cjs:3010:25)
    at RedirectableRequest.emit (events.js:400:28)
    at ClientRequest.eventHandlers.<computed> (/home/rencangd/nodevenv/backend-affiliator.rencangdahar.com/14/lib/node_modules/follow-redirects/index.js:14:24)
    at ClientRequest.emit (events.js:400:28)
    at TLSSocket.socketErrorListener (_http_client.js:475:9)
    at TLSSocket.emit (events.js:400:28)
    at emitErrorNT (internal/streams/destroy.js:106:8)
    at emitErrorCloseNT (internal/streams/destroy.js:74:3)
    at processTicksAndRejections (internal/process/task_queues.js:82:21)
(node:10804) UnhandledPromiseRejectionWarning: Unhandled promise rejection. This error originated either by throwing inside of an async function without a catch block, or by rejecting a promise which was not handled with .catch(). To terminate the node process on unhandled promise rejection, use the CLI flag `--unhandled-rejections=strict` (see https://nodejs.org/api/cli.html#cli_unhandled_rejections_mode). (rejection id: 2)
(node:10804) [DEP0018] DeprecationWarning: Unhandled promise rejections are deprecated. In the future, promise rejections that are not handled will terminate the Node.js process with a non-zero exit code.
(node:10804) UnhandledPromiseRejectionWarning: Error: connect ETIMEDOUT 109.106.252.108:443
    at Function.AxiosError.from (/home/rencangd/nodevenv/backend-affiliator.rencangdahar.com/14/lib/node_modules/axios/dist/node/axios.cjs:836:14)
    at RedirectableRequest.handleRequestError (/home/rencangd/nodevenv/backend-affiliator.rencangdahar.com/14/lib/node_modules/axios/dist/node/axios.cjs:3010:25)
    at RedirectableRequest.emit (events.js:400:28)
    at ClientRequest.eventHandlers.<computed> (/home/rencangd/nodevenv/backend-affiliator.rencangdahar.com/14/lib/node_modules/follow-redirects/index.js:14:24)
    at ClientRequest.emit (events.js:400:28)
    at TLSSocket.socketErrorListener (_http_client.js:475:9)
    at TLSSocket.emit (events.js:400:28)
    at emitErrorNT (internal/streams/destroy.js:106:8)
    at emitErrorCloseNT (internal/streams/destroy.js:74:3)
    at processTicksAndRejections (internal/process/task_queues.js:82:21)
(node:10804) UnhandledPromiseRejectionWarning: Unhandled promise rejection. This error originated either by throwing inside of an async function without a catch block, or by rejecting a promise which was not handled with .catch(). To terminate the node process on unhandled promise rejection, use the CLI flag `--unhandled-rejections=strict` (see https://nodejs.org/api/cli.html#cli_unhandled_rejections_mode). (rejection id: 4)
(node:10804) UnhandledPromiseRejectionWarning: Error: connect ETIMEDOUT 109.106.252.108:443
    at Function.AxiosError.from (/home/rencangd/nodevenv/backend-affiliator.rencangdahar.com/14/lib/node_modules/axios/dist/node/axios.cjs:836:14)
    at RedirectableRequest.handleRequestError (/home/rencangd/nodevenv/backend-affiliator.rencangdahar.com/14/lib/node_modules/axios/dist/node/axios.cjs:3010:25)
    at RedirectableRequest.emit (events.js:400:28)
    at ClientRequest.eventHandlers.<computed> (/home/rencangd/nodevenv/backend-affiliator.rencangdahar.com/14/lib/node_modules/follow-redirects/index.js:14:24)
    at ClientRequest.emit (events.js:400:28)
    at TLSSocket.socketErrorListener (_http_client.js:475:9)
    at TLSSocket.emit (events.js:400:28)
    at emitErrorNT (internal/streams/destroy.js:106:8)
    at emitErrorCloseNT (internal/streams/destroy.js:74:3)
    at processTicksAndRejections (internal/process/task_queues.js:82:21)
(node:10804) UnhandledPromiseRejectionWarning: Unhandled promise rejection. This error originated either by throwing inside of an async function without a catch block, or by rejecting a promise which was not handled with .catch(). To terminate the node process on unhandled promise rejection, use the CLI flag `--unhandled-rejections=strict` (see https://nodejs.org/api/cli.html#cli_unhandled_rejections_mode). (rejection id: 6)
(node:10804) UnhandledPromiseRejectionWarning: Error: connect ETIMEDOUT 109.106.252.108:443
    at Function.AxiosError.from (/home/rencangd/nodevenv/backend-affiliator.rencangdahar.com/14/lib/node_modules/axios/dist/node/axios.cjs:836:14)
    at RedirectableRequest.handleRequestError (/home/rencangd/nodevenv/backend-affiliator.rencangdahar.com/14/lib/node_modules/axios/dist/node/axios.cjs:3010:25)
    at RedirectableRequest.emit (events.js:400:28)
    at ClientRequest.eventHandlers.<computed> (/home/rencangd/nodevenv/backend-affiliator.rencangdahar.com/14/lib/node_modules/follow-redirects/index.js:14:24)
    at ClientRequest.emit (events.js:400:28)
    at TLSSocket.socketErrorListener (_http_client.js:475:9)
    at TLSSocket.emit (events.js:400:28)
    at emitErrorNT (internal/streams/destroy.js:106:8)
    at emitErrorCloseNT (internal/streams/destroy.js:74:3)
    at processTicksAndRejections (internal/process/task_queues.js:82:21)
(node:10804) UnhandledPromiseRejectionWarning: Unhandled promise rejection. This error originated either by throwing inside of an async function without a catch block, or by rejecting a promise which was not handled with .catch(). To terminate the node process on unhandled promise rejection, use the CLI flag `--unhandled-rejections=strict` (see https://nodejs.org/api/cli.html#cli_unhandled_rejections_mode). (rejection id: 8)
(node:10804) UnhandledPromiseRejectionWarning: Error: connect ETIMEDOUT 109.106.252.108:443
    at Function.AxiosError.from (/home/rencangd/nodevenv/backend-affiliator.rencangdahar.com/14/lib/node_modules/axios/dist/node/axios.cjs:836:14)
    at RedirectableRequest.handleRequestError (/home/rencangd/nodevenv/backend-affiliator.rencangdahar.com/14/lib/node_modules/axios/dist/node/axios.cjs:3010:25)
    at RedirectableRequest.emit (events.js:400:28)
    at ClientRequest.eventHandlers.<computed> (/home/rencangd/nodevenv/backend-affiliator.rencangdahar.com/14/lib/node_modules/follow-redirects/index.js:14:24)
    at ClientRequest.emit (events.js:400:28)
    at TLSSocket.socketErrorListener (_http_client.js:475:9)
    at TLSSocket.emit (events.js:400:28)
    at emitErrorNT (internal/streams/destroy.js:106:8)
    at emitErrorCloseNT (internal/streams/destroy.js:74:3)
    at processTicksAndRejections (internal/process/task_queues.js:82:21)
(node:10804) UnhandledPromiseRejectionWarning: Unhandled promise rejection. This error originated either by throwing inside of an async function without a catch block, or by rejecting a promise which was not handled with .catch(). To terminate the node process on unhandled promise rejection, use the CLI flag `--unhandled-rejections=strict` (see https://nodejs.org/api/cli.html#cli_unhandled_rejections_mode). (rejection id: 10)
(node:10804) UnhandledPromiseRejectionWarning: Error: connect ETIMEDOUT 109.106.252.108:443
    at Function.AxiosError.from (/home/rencangd/nodevenv/backend-affiliator.rencangdahar.com/14/lib/node_modules/axios/dist/node/axios.cjs:836:14)
    at RedirectableRequest.handleRequestError (/home/rencangd/nodevenv/backend-affiliator.rencangdahar.com/14/lib/node_modules/axios/dist/node/axios.cjs:3010:25)
    at RedirectableRequest.emit (events.js:400:28)
    at ClientRequest.eventHandlers.<computed> (/home/rencangd/nodevenv/backend-affiliator.rencangdahar.com/14/lib/node_modules/follow-redirects/index.js:14:24)
    at ClientRequest.emit (events.js:400:28)
    at TLSSocket.socketErrorListener (_http_client.js:475:9)
    at TLSSocket.emit (events.js:400:28)
    at emitErrorNT (internal/streams/destroy.js:106:8)
    at emitErrorCloseNT (internal/streams/destroy.js:74:3)
    at processTicksAndRejections (internal/process/task_queues.js:82:21)
(node:10804) UnhandledPromiseRejectionWarning: Unhandled promise rejection. This error originated either by throwing inside of an async function without a catch block, or by rejecting a promise which was not handled with .catch(). To terminate the node process on unhandled promise rejection, use the CLI flag `--unhandled-rejections=strict` (see https://nodejs.org/api/cli.html#cli_unhandled_rejections_mode). (rejection id: 12)
(node:10804) MaxListenersExceededWarning: Possible EventEmitter memory leak detected. 11 error listeners added to [PoolConnection]. Use emitter.setMaxListeners() to increase limit
(node:10804) MaxListenersExceededWarning: Possible EventEmitter memory leak detected. 11 error listeners added to [PoolConnection]. Use emitter.setMaxListeners() to increase limit
(node:10804) MaxListenersExceededWarning: Possible EventEmitter memory leak detected. 11 error listeners added to [PoolConnection]. Use emitter.setMaxListeners() to increase limit
(node:10804) MaxListenersExceededWarning: Possible EventEmitter memory leak detected. 11 error listeners added to [PoolConnection]. Use emitter.setMaxListeners() to increase limit
(node:10804) MaxListenersExceededWarning: Possible EventEmitter memory leak detected. 11 error listeners added to [PoolConnection]. Use emitter.setMaxListeners() to increase limit
(node:10804) UnhandledPromiseRejectionWarning: Error: connect ETIMEDOUT
    at PoolConnection._handleTimeoutError (/home/rencangd/nodevenv/backend-affiliator.rencangdahar.com/14/lib/node_modules/mysql2/lib/connection.js:203:17)
    at listOnTimeout (internal/timers.js:557:17)
    at processTimers (internal/timers.js:500:7)
(node:10804) UnhandledPromiseRejectionWarning: Unhandled promise rejection. This error originated either by throwing inside of an async function without a catch block, or by rejecting a promise which was not handled with .catch(). To terminate the node process on unhandled promise rejection, use the CLI flag `--unhandled-rejections=strict` (see https://nodejs.org/api/cli.html#cli_unhandled_rejections_mode). (rejection id: 13)
(node:10804) MaxListenersExceededWarning: Possible EventEmitter memory leak detected. 11 error listeners added to [PoolConnection]. Use emitter.setMaxListeners() to increase limit
(node:10804) MaxListenersExceededWarning: Possible EventEmitter memory leak detected. 11 error listeners added to [PoolConnection]. Use emitter.setMaxListeners() to increase limit
(node:10804) MaxListenersExceededWarning: Possible EventEmitter memory leak detected. 11 error listeners added to [PoolConnection]. Use emitter.setMaxListeners() to increase limit
(node:10804) MaxListenersExceededWarning: Possible EventEmitter memory leak detected. 11 error listeners added to [PoolConnection]. Use emitter.setMaxListeners() to increase limit
(node:10804) MaxListenersExceededWarning: Possible EventEmitter memory leak detected. 11 error listeners added to [PoolConnection]. Use emitter.setMaxListeners() to increase limit
(node:10804) MaxListenersExceededWarning: Possible EventEmitter memory leak detected. 11 error listeners added to [PoolConnection]. Use emitter.setMaxListeners() to increase limit
(node:10804) MaxListenersExceededWarning: Possible EventEmitter memory leak detected. 11 error listeners added to [PoolConnection]. Use emitter.setMaxListeners() to increase limit
(node:10804) MaxListenersExceededWarning: Possible EventEmitter memory leak detected. 11 error listeners added to [PoolConnection]. Use emitter.setMaxListeners() to increase limit
(node:10804) MaxListenersExceededWarning: Possible EventEmitter memory leak detected. 11 error listeners added to [PoolConnection]. Use emitter.setMaxListeners() to increase limit
(node:10804) MaxListenersExceededWarning: Possible EventEmitter memory leak detected. 11 error listeners added to [PoolConnection]. Use emitter.setMaxListeners() to increase limit
(node:10804) MaxListenersExceededWarning: Possible EventEmitter memory leak detected. 11 error listeners added to [PoolConnection]. Use emitter.setMaxListeners() to increase limit
(node:10804) MaxListenersExceededWarning: Possible EventEmitter memory leak detected. 11 error listeners added to [PoolConnection]. Use emitter.setMaxListeners() to increase limit
(node:10804) MaxListenersExceededWarning: Possible EventEmitter memory leak detected. 11 error listeners added to [PoolConnection]. Use emitter.setMaxListeners() to increase limit
(node:10804) MaxListenersExceededWarning: Possible EventEmitter memory leak detected. 11 error listeners added to [PoolConnection]. Use emitter.setMaxListeners() to increase limit
(node:10804) MaxListenersExceededWarning: Possible EventEmitter memory leak detected. 11 error listeners added to [PoolConnection]. Use emitter.setMaxListeners() to increase limit
(node:10804) MaxListenersExceededWarning: Possible EventEmitter memory leak detected. 11 error listeners added to [PoolConnection]. Use emitter.setMaxListeners() to increase limit
(node:10804) MaxListenersExceededWarning: Possible EventEmitter memory leak detected. 11 error listeners added to [PoolConnection]. Use emitter.setMaxListeners() to increase limit
(node:10804) MaxListenersExceededWarning: Possible EventEmitter memory leak detected. 11 error listeners added to [PoolConnection]. Use emitter.setMaxListeners() to increase limit
(node:10804) MaxListenersExceededWarning: Possible EventEmitter memory leak detected. 11 error listeners added to [PoolConnection]. Use emitter.setMaxListeners() to increase limit
(node:10804) MaxListenersExceededWarning: Possible EventEmitter memory leak detected. 11 error listeners added to [PoolConnection]. Use emitter.setMaxListeners() to increase limit
(node:10804) MaxListenersExceededWarning: Possible EventEmitter memory leak detected. 11 error listeners added to [PoolConnection]. Use emitter.setMaxListeners() to increase limit
(node:10804) MaxListenersExceededWarning: Possible EventEmitter memory leak detected. 11 error listeners added to [PoolConnection]. Use emitter.setMaxListeners() to increase limit
(node:10804) MaxListenersExceededWarning: Possible EventEmitter memory leak detected. 11 error listeners added to [PoolConnection]. Use emitter.setMaxListeners() to increase limit
(node:10804) MaxListenersExceededWarning: Possible EventEmitter memory leak detected. 11 error listeners added to [PoolConnection]. Use emitter.setMaxListeners() to increase limit
(node:10804) MaxListenersExceededWarning: Possible EventEmitter memory leak detected. 11 error listeners added to [PoolConnection]. Use emitter.setMaxListeners() to increase limit
(node:10804) MaxListenersExceededWarning: Possible EventEmitter memory leak detected. 11 error listeners added to [PoolConnection]. Use emitter.setMaxListeners() to increase limit
(node:10804) MaxListenersExceededWarning: Possible EventEmitter memory leak detected. 11 error listeners added to [PoolConnection]. Use emitter.setMaxListeners() to increase limit
(node:10804) MaxListenersExceededWarning: Possible EventEmitter memory leak detected. 11 error listeners added to [PoolConnection]. Use emitter.setMaxListeners() to increase limit
(node:10804) MaxListenersExceededWarning: Possible EventEmitter memory leak detected. 11 error listeners added to [PoolConnection]. Use emitter.setMaxListeners() to increase limit
(node:10804) MaxListenersExceededWarning: Possible EventEmitter memory leak detected. 11 error listeners added to [PoolConnection]. Use emitter.setMaxListeners() to increase limit
(node:10804) MaxListenersExceededWarning: Possible EventEmitter memory leak detected. 11 error listeners added to [PoolConnection]. Use emitter.setMaxListeners() to increase limit
(node:10804) MaxListenersExceededWarning: Possible EventEmitter memory leak detected. 11 error listeners added to [PoolConnection]. Use emitter.setMaxListeners() to increase limit
(node:10804) MaxListenersExceededWarning: Possible EventEmitter memory leak detected. 11 error listeners added to [PoolConnection]. Use emitter.setMaxListeners() to increase limit
(node:10804) MaxListenersExceededWarning: Possible EventEmitter memory leak detected. 11 error listeners added to [PoolConnection]. Use emitter.setMaxListeners() to increase limit
(node:10804) MaxListenersExceededWarning: Possible EventEmitter memory leak detected. 11 error listeners added to [PoolConnection]. Use emitter.setMaxListeners() to increase limit
(node:10804) MaxListenersExceededWarning: Possible EventEmitter memory leak detected. 11 error listeners added to [PoolConnection]. Use emitter.setMaxListeners() to increase limit
(node:10804) MaxListenersExceededWarning: Possible EventEmitter memory leak detected. 11 error listeners added to [PoolConnection]. Use emitter.setMaxListeners() to increase limit
(node:10804) MaxListenersExceededWarning: Possible EventEmitter memory leak detected. 11 error listeners added to [PoolConnection]. Use emitter.setMaxListeners() to increase limit
(node:10804) MaxListenersExceededWarning: Possible EventEmitter memory leak detected. 11 error listeners added to [PoolConnection]. Use emitter.setMaxListeners() to increase limit
(node:10804) MaxListenersExceededWarning: Possible EventEmitter memory leak detected. 11 error listeners added to [PoolConnection]. Use emitter.setMaxListeners() to increase limit
(node:10804) MaxListenersExceededWarning: Possible EventEmitter memory leak detected. 11 error listeners added to [PoolConnection]. Use emitter.setMaxListeners() to increase limit
(node:10804) MaxListenersExceededWarning: Possible EventEmitter memory leak detected. 11 error listeners added to [PoolConnection]. Use emitter.setMaxListeners() to increase limit
(node:10804) MaxListenersExceededWarning: Possible EventEmitter memory leak detected. 11 error listeners added to [PoolConnection]. Use emitter.setMaxListeners() to increase limit
(node:10804) MaxListenersExceededWarning: Possible EventEmitter memory leak detected. 11 error listeners added to [PoolConnection]. Use emitter.setMaxListeners() to increase limit
(node:10804) MaxListenersExceededWarning: Possible EventEmitter memory leak detected. 11 error listeners added to [PoolConnection]. Use emitter.setMaxListeners() to increase limit
(node:10804) MaxListenersExceededWarning: Possible EventEmitter memory leak detected. 11 error listeners added to [PoolConnection]. Use emitter.setMaxListeners() to increase limit
(node:10804) MaxListenersExceededWarning: Possible EventEmitter memory leak detected. 11 error listeners added to [PoolConnection]. Use emitter.setMaxListeners() to increase limit
(node:10804) MaxListenersExceededWarning: Possible EventEmitter memory leak detected. 11 error listeners added to [PoolConnection]. Use emitter.setMaxListeners() to increase limit
(node:10804) MaxListenersExceededWarning: Possible EventEmitter memory leak detected. 11 error listeners added to [PoolConnection]. Use emitter.setMaxListeners() to increase limit
(node:10804) MaxListenersExceededWarning: Possible EventEmitter memory leak detected. 11 error listeners added to [PoolConnection]. Use emitter.setMaxListeners() to increase limit
(node:10804) MaxListenersExceededWarning: Possible EventEmitter memory leak detected. 11 error listeners added to [PoolConnection]. Use emitter.setMaxListeners() to increase limit
(node:10804) MaxListenersExceededWarning: Possible EventEmitter memory leak detected. 11 error listeners added to [PoolConnection]. Use emitter.setMaxListeners() to increase limit
(node:10804) MaxListenersExceededWarning: Possible EventEmitter memory leak detected. 11 error listeners added to [PoolConnection]. Use emitter.setMaxListeners() to increase limit
(node:10804) MaxListenersExceededWarning: Possible EventEmitter memory leak detected. 11 error listeners added to [PoolConnection]. Use emitter.setMaxListeners() to increase limit
(node:10804) MaxListenersExceededWarning: Possible EventEmitter memory leak detected. 11 error listeners added to [PoolConnection]. Use emitter.setMaxListeners() to increase limit
(node:10804) MaxListenersExceededWarning: Possible EventEmitter memory leak detected. 11 error listeners added to [PoolConnection]. Use emitter.setMaxListeners() to increase limit
(node:10804) MaxListenersExceededWarning: Possible EventEmitter memory leak detected. 11 error listeners added to [PoolConnection]. Use emitter.setMaxListeners() to increase limit
(node:10804) MaxListenersExceededWarning: Possible EventEmitter memory leak detected. 11 error listeners added to [PoolConnection]. Use emitter.setMaxListeners() to increase limit
(node:10804) MaxListenersExceededWarning: Possible EventEmitter memory leak detected. 11 error listeners added to [PoolConnection]. Use emitter.setMaxListeners() to increase limit
(node:10804) MaxListenersExceededWarning: Possible EventEmitter memory leak detected. 11 error listeners added to [PoolConnection]. Use emitter.setMaxListeners() to increase limit
(node:10804) MaxListenersExceededWarning: Possible EventEmitter memory leak detected. 11 error listeners added to [PoolConnection]. Use emitter.setMaxListeners() to increase limit
(node:10804) MaxListenersExceededWarning: Possible EventEmitter memory leak detected. 11 error listeners added to [PoolConnection]. Use emitter.setMaxListeners() to increase limit
(node:10804) MaxListenersExceededWarning: Possible EventEmitter memory leak detected. 11 error listeners added to [PoolConnection]. Use emitter.setMaxListeners() to increase limit
(node:10804) MaxListenersExceededWarning: Possible EventEmitter memory leak detected. 11 error listeners added to [PoolConnection]. Use emitter.setMaxListeners() to increase limit
(node:10804) MaxListenersExceededWarning: Possible EventEmitter memory leak detected. 11 error listeners added to [PoolConnection]. Use emitter.setMaxListeners() to increase limit
(node:10804) MaxListenersExceededWarning: Possible EventEmitter memory leak detected. 11 error listeners added to [PoolConnection]. Use emitter.setMaxListeners() to increase limit
(node:10804) MaxListenersExceededWarning: Possible EventEmitter memory leak detected. 11 error listeners added to [PoolConnection]. Use emitter.setMaxListeners() to increase limit
(node:10804) MaxListenersExceededWarning: Possible EventEmitter memory leak detected. 11 error listeners added to [PoolConnection]. Use emitter.setMaxListeners() to increase limit
(node:10804) MaxListenersExceededWarning: Possible EventEmitter memory leak detected. 11 error listeners added to [PoolConnection]. Use emitter.setMaxListeners() to increase limit
(node:10804) MaxListenersExceededWarning: Possible EventEmitter memory leak detected. 11 error listeners added to [PoolConnection]. Use emitter.setMaxListeners() to increase limit
(node:10804) MaxListenersExceededWarning: Possible EventEmitter memory leak detected. 11 error listeners added to [PoolConnection]. Use emitter.setMaxListeners() to increase limit
(node:10804) MaxListenersExceededWarning: Possible EventEmitter memory leak detected. 11 error listeners added to [PoolConnection]. Use emitter.setMaxListeners() to increase limit
(node:10804) MaxListenersExceededWarning: Possible EventEmitter memory leak detected. 11 error listeners added to [PoolConnection]. Use emitter.setMaxListeners() to increase limit
(node:10804) MaxListenersExceededWarning: Possible EventEmitter memory leak detected. 11 error listeners added to [PoolConnection]. Use emitter.setMaxListeners() to increase limit
(node:10804) MaxListenersExceededWarning: Possible EventEmitter memory leak detected. 11 error listeners added to [PoolConnection]. Use emitter.setMaxListeners() to increase limit
(node:10804) MaxListenersExceededWarning: Possible EventEmitter memory leak detected. 11 error listeners added to [PoolConnection]. Use emitter.setMaxListeners() to increase limit
(node:10804) MaxListenersExceededWarning: Possible EventEmitter memory leak detected. 11 error listeners added to [PoolConnection]. Use emitter.setMaxListeners() to increase limit
(node:10804) MaxListenersExceededWarning: Possible EventEmitter memory leak detected. 11 error listeners added to [PoolConnection]. Use emitter.setMaxListeners() to increase limit
(node:10804) MaxListenersExceededWarning: Possible EventEmitter memory leak detected. 11 error listeners added to [PoolConnection]. Use emitter.setMaxListeners() to increase limit
(node:10804) MaxListenersExceededWarning: Possible EventEmitter memory leak detected. 11 error listeners added to [PoolConnection]. Use emitter.setMaxListeners() to increase limit
(node:10804) MaxListenersExceededWarning: Possible EventEmitter memory leak detected. 11 error listeners added to [PoolConnection]. Use emitter.setMaxListeners() to increase limit
(node:10804) MaxListenersExceededWarning: Possible EventEmitter memory leak detected. 11 error listeners added to [PoolConnection]. Use emitter.setMaxListeners() to increase limit
(node:10804) MaxListenersExceededWarning: Possible EventEmitter memory leak detected. 11 error listeners added to [PoolConnection]. Use emitter.setMaxListeners() to increase limit
(node:10804) MaxListenersExceededWarning: Possible EventEmitter memory leak detected. 11 error listeners added to [PoolConnection]. Use emitter.setMaxListeners() to increase limit
(node:10804) MaxListenersExceededWarning: Possible EventEmitter memory leak detected. 11 error listeners added to [PoolConnection]. Use emitter.setMaxListeners() to increase limit
(node:10804) MaxListenersExceededWarning: Possible EventEmitter memory leak detected. 11 error listeners added to [PoolConnection]. Use emitter.setMaxListeners() to increase limit
(node:10804) MaxListenersExceededWarning: Possible EventEmitter memory leak detected. 11 error listeners added to [PoolConnection]. Use emitter.setMaxListeners() to increase limit
(node:10804) MaxListenersExceededWarning: Possible EventEmitter memory leak detected. 11 error listeners added to [PoolConnection]. Use emitter.setMaxListeners() to increase limit
(node:10804) MaxListenersExceededWarning: Possible EventEmitter memory leak detected. 11 error listeners added to [PoolConnection]. Use emitter.setMaxListeners() to increase limit
(node:10804) MaxListenersExceededWarning: Possible EventEmitter memory leak detected. 11 error listeners added to [PoolConnection]. Use emitter.setMaxListeners() to increase limit
(node:10804) MaxListenersExceededWarning: Possible EventEmitter memory leak detected. 11 error listeners added to [PoolConnection]. Use emitter.setMaxListeners() to increase limit
(node:10804) MaxListenersExceededWarning: Possible EventEmitter memory leak detected. 11 error listeners added to [PoolConnection]. Use emitter.setMaxListeners() to increase limit
(node:10804) MaxListenersExceededWarning: Possible EventEmitter memory leak detected. 11 error listeners added to [PoolConnection]. Use emitter.setMaxListeners() to increase limit
(node:10804) MaxListenersExceededWarning: Possible EventEmitter memory leak detected. 11 error listeners added to [PoolConnection]. Use emitter.setMaxListeners() to increase limit
(node:10804) MaxListenersExceededWarning: Possible EventEmitter memory leak detected. 11 error listeners added to [PoolConnection]. Use emitter.setMaxListeners() to increase limit
(node:10804) MaxListenersExceededWarning: Possible EventEmitter memory leak detected. 11 error listeners added to [PoolConnection]. Use emitter.setMaxListeners() to increase limit
(node:10804) MaxListenersExceededWarning: Possible EventEmitter memory leak detected. 11 error listeners added to [PoolConnection]. Use emitter.setMaxListeners() to increase limit
(node:10804) MaxListenersExceededWarning: Possible EventEmitter memory leak detected. 11 error listeners added to [PoolConnection]. Use emitter.setMaxListeners() to increase limit
(node:10804) MaxListenersExceededWarning: Possible EventEmitter memory leak detected. 11 error listeners added to [PoolConnection]. Use emitter.setMaxListeners() to increase limit
(node:10804) MaxListenersExceededWarning: Possible EventEmitter memory leak detected. 11 error listeners added to [PoolConnection]. Use emitter.setMaxListeners() to increase limit
(node:7729) MaxListenersExceededWarning: Possible EventEmitter memory leak detected. 11 error listeners added to [PoolConnection]. Use emitter.setMaxListeners() to increase limit
(Use `node --trace-warnings ...` to show where the warning was created)
(node:7729) MaxListenersExceededWarning: Possible EventEmitter memory leak detected. 11 error listeners added to [PoolConnection]. Use emitter.setMaxListeners() to increase limit
(node:7729) MaxListenersExceededWarning: Possible EventEmitter memory leak detected. 11 error listeners added to [PoolConnection]. Use emitter.setMaxListeners() to increase limit
(node:7729) MaxListenersExceededWarning: Possible EventEmitter memory leak detected. 11 error listeners added to [PoolConnection]. Use emitter.setMaxListeners() to increase limit
(node:7729) MaxListenersExceededWarning: Possible EventEmitter memory leak detected. 11 error listeners added to [PoolConnection]. Use emitter.setMaxListeners() to increase limit
(node:7729) MaxListenersExceededWarning: Possible EventEmitter memory leak detected. 11 error listeners added to [PoolConnection]. Use emitter.setMaxListeners() to increase limit
(node:7729) MaxListenersExceededWarning: Possible EventEmitter memory leak detected. 11 error listeners added to [PoolConnection]. Use emitter.setMaxListeners() to increase limit
(node:7729) MaxListenersExceededWarning: Possible EventEmitter memory leak detected. 11 error listeners added to [PoolConnection]. Use emitter.setMaxListeners() to increase limit
(node:7729) MaxListenersExceededWarning: Possible EventEmitter memory leak detected. 11 error listeners added to [PoolConnection]. Use emitter.setMaxListeners() to increase limit
(node:7729) MaxListenersExceededWarning: Possible EventEmitter memory leak detected. 11 error listeners added to [PoolConnection]. Use emitter.setMaxListeners() to increase limit
(node:7729) MaxListenersExceededWarning: Possible EventEmitter memory leak detected. 11 error listeners added to [PoolConnection]. Use emitter.setMaxListeners() to increase limit
(node:7729) MaxListenersExceededWarning: Possible EventEmitter memory leak detected. 11 error listeners added to [PoolConnection]. Use emitter.setMaxListeners() to increase limit
(node:7729) MaxListenersExceededWarning: Possible EventEmitter memory leak detected. 11 error listeners added to [PoolConnection]. Use emitter.setMaxListeners() to increase limit
(node:7729) MaxListenersExceededWarning: Possible EventEmitter memory leak detected. 11 error listeners added to [PoolConnection]. Use emitter.setMaxListeners() to increase limit
(node:7729) MaxListenersExceededWarning: Possible EventEmitter memory leak detected. 11 error listeners added to [PoolConnection]. Use emitter.setMaxListeners() to increase limit
(node:7729) MaxListenersExceededWarning: Possible EventEmitter memory leak detected. 11 error listeners added to [PoolConnection]. Use emitter.setMaxListeners() to increase limit
(node:7729) MaxListenersExceededWarning: Possible EventEmitter memory leak detected. 11 error listeners added to [PoolConnection]. Use emitter.setMaxListeners() to increase limit
(node:7729) MaxListenersExceededWarning: Possible EventEmitter memory leak detected. 11 error listeners added to [PoolConnection]. Use emitter.setMaxListeners() to increase limit
(node:7729) MaxListenersExceededWarning: Possible EventEmitter memory leak detected. 11 error listeners added to [PoolConnection]. Use emitter.setMaxListeners() to increase limit
(node:14811) MaxListenersExceededWarning: Possible EventEmitter memory leak detected. 11 error listeners added to [PoolConnection]. Use emitter.setMaxListeners() to increase limit
(Use `node --trace-warnings ...` to show where the warning was created)
(node:14811) MaxListenersExceededWarning: Possible EventEmitter memory leak detected. 11 error listeners added to [PoolConnection]. Use emitter.setMaxListeners() to increase limit
(node:14811) MaxListenersExceededWarning: Possible EventEmitter memory leak detected. 11 error listeners added to [PoolConnection]. Use emitter.setMaxListeners() to increase limit
(node:14811) MaxListenersExceededWarning: Possible EventEmitter memory leak detected. 11 error listeners added to [PoolConnection]. Use emitter.setMaxListeners() to increase limit
(node:14811) MaxListenersExceededWarning: Possible EventEmitter memory leak detected. 11 error listeners added to [PoolConnection]. Use emitter.setMaxListeners() to increase limit
(node:14811) MaxListenersExceededWarning: Possible EventEmitter memory leak detected. 11 error listeners added to [PoolConnection]. Use emitter.setMaxListeners() to increase limit
(node:14811) MaxListenersExceededWarning: Possible EventEmitter memory leak detected. 11 error listeners added to [PoolConnection]. Use emitter.setMaxListeners() to increase limit
(node:14811) MaxListenersExceededWarning: Possible EventEmitter memory leak detected. 11 error listeners added to [PoolConnection]. Use emitter.setMaxListeners() to increase limit
(node:14811) MaxListenersExceededWarning: Possible EventEmitter memory leak detected. 11 error listeners added to [PoolConnection]. Use emitter.setMaxListeners() to increase limit
(node:14811) MaxListenersExceededWarning: Possible EventEmitter memory leak detected. 11 error listeners added to [PoolConnection]. Use emitter.setMaxListeners() to increase limit
(node:14811) MaxListenersExceededWarning: Possible EventEmitter memory leak detected. 11 error listeners added to [PoolConnection]. Use emitter.setMaxListeners() to increase limit
(node:14811) MaxListenersExceededWarning: Possible EventEmitter memory leak detected. 11 error listeners added to [PoolConnection]. Use emitter.setMaxListeners() to increase limit
(node:14811) MaxListenersExceededWarning: Possible EventEmitter memory leak detected. 11 error listeners added to [PoolConnection]. Use emitter.setMaxListeners() to increase limit
(node:14811) MaxListenersExceededWarning: Possible EventEmitter memory leak detected. 11 error listeners added to [PoolConnection]. Use emitter.setMaxListeners() to increase limit
(node:14811) MaxListenersExceededWarning: Possible EventEmitter memory leak detected. 11 error listeners added to [PoolConnection]. Use emitter.setMaxListeners() to increase limit
(node:14811) MaxListenersExceededWarning: Possible EventEmitter memory leak detected. 11 error listeners added to [PoolConnection]. Use emitter.setMaxListeners() to increase limit
(node:14811) MaxListenersExceededWarning: Possible EventEmitter memory leak detected. 11 error listeners added to [PoolConnection]. Use emitter.setMaxListeners() to increase limit
(node:14811) MaxListenersExceededWarning: Possible EventEmitter memory leak detected. 11 error listeners added to [PoolConnection]. Use emitter.setMaxListeners() to increase limit
(node:14811) MaxListenersExceededWarning: Possible EventEmitter memory leak detected. 11 error listeners added to [PoolConnection]. Use emitter.setMaxListeners() to increase limit
(node:14811) [DEP0005] DeprecationWarning: Buffer() is deprecated due to security and usability issues. Please use the Buffer.alloc(), Buffer.allocUnsafe(), or Buffer.from() methods instead.
(node:14811) MaxListenersExceededWarning: Possible EventEmitter memory leak detected. 11 error listeners added to [PoolConnection]. Use emitter.setMaxListeners() to increase limit
(node:14811) MaxListenersExceededWarning: Possible EventEmitter memory leak detected. 11 error listeners added to [PoolConnection]. Use emitter.setMaxListeners() to increase limit
(node:14811) MaxListenersExceededWarning: Possible EventEmitter memory leak detected. 11 error listeners added to [PoolConnection]. Use emitter.setMaxListeners() to increase limit
(node:14811) MaxListenersExceededWarning: Possible EventEmitter memory leak detected. 11 error listeners added to [PoolConnection]. Use emitter.setMaxListeners() to increase limit
(node:14811) MaxListenersExceededWarning: Possible EventEmitter memory leak detected. 11 error listeners added to [PoolConnection]. Use emitter.setMaxListeners() to increase limit
(node:14811) MaxListenersExceededWarning: Possible EventEmitter memory leak detected. 11 error listeners added to [PoolConnection]. Use emitter.setMaxListeners() to increase limit
(node:14811) MaxListenersExceededWarning: Possible EventEmitter memory leak detected. 11 error listeners added to [PoolConnection]. Use emitter.setMaxListeners() to increase limit
(node:14811) MaxListenersExceededWarning: Possible EventEmitter memory leak detected. 11 error listeners added to [PoolConnection]. Use emitter.setMaxListeners() to increase limit
(node:14811) MaxListenersExceededWarning: Possible EventEmitter memory leak detected. 11 error listeners added to [PoolConnection]. Use emitter.setMaxListeners() to increase limit
(node:14811) MaxListenersExceededWarning: Possible EventEmitter memory leak detected. 11 error listeners added to [PoolConnection]. Use emitter.setMaxListeners() to increase limit
(node:14811) MaxListenersExceededWarning: Possible EventEmitter memory leak detected. 11 error listeners added to [PoolConnection]. Use emitter.setMaxListeners() to increase limit
(node:14811) MaxListenersExceededWarning: Possible EventEmitter memory leak detected. 11 error listeners added to [PoolConnection]. Use emitter.setMaxListeners() to increase limit
(node:14811) MaxListenersExceededWarning: Possible EventEmitter memory leak detected. 11 error listeners added to [PoolConnection]. Use emitter.setMaxListeners() to increase limit
(node:14811) MaxListenersExceededWarning: Possible EventEmitter memory leak detected. 11 error listeners added to [PoolConnection]. Use emitter.setMaxListeners() to increase limit
(node:14811) MaxListenersExceededWarning: Possible EventEmitter memory leak detected. 11 error listeners added to [PoolConnection]. Use emitter.setMaxListeners() to increase limit
(node:14811) MaxListenersExceededWarning: Possible EventEmitter memory leak detected. 11 error listeners added to [PoolConnection]. Use emitter.setMaxListeners() to increase limit
(node:14811) MaxListenersExceededWarning: Possible EventEmitter memory leak detected. 11 error listeners added to [PoolConnection]. Use emitter.setMaxListeners() to increase limit
(node:14811) MaxListenersExceededWarning: Possible EventEmitter memory leak detected. 11 error listeners added to [PoolConnection]. Use emitter.setMaxListeners() to increase limit
(node:14811) MaxListenersExceededWarning: Possible EventEmitter memory leak detected. 11 error listeners added to [PoolConnection]. Use emitter.setMaxListeners() to increase limit
(node:14811) MaxListenersExceededWarning: Possible EventEmitter memory leak detected. 11 error listeners added to [PoolConnection]. Use emitter.setMaxListeners() to increase limit
(node:14811) MaxListenersExceededWarning: Possible EventEmitter memory leak detected. 11 error listeners added to [PoolConnection]. Use emitter.setMaxListeners() to increase limit
(node:14811) MaxListenersExceededWarning: Possible EventEmitter memory leak detected. 11 error listeners added to [PoolConnection]. Use emitter.setMaxListeners() to increase limit
(node:14811) MaxListenersExceededWarning: Possible EventEmitter memory leak detected. 11 error listeners added to [PoolConnection]. Use emitter.setMaxListeners() to increase limit
(node:14811) MaxListenersExceededWarning: Possible EventEmitter memory leak detected. 11 error listeners added to [PoolConnection]. Use emitter.setMaxListeners() to increase limit
(node:14811) MaxListenersExceededWarning: Possible EventEmitter memory leak detected. 11 error listeners added to [PoolConnection]. Use emitter.setMaxListeners() to increase limit
(node:14811) MaxListenersExceededWarning: Possible EventEmitter memory leak detected. 11 error listeners added to [PoolConnection]. Use emitter.setMaxListeners() to increase limit
(node:14811) MaxListenersExceededWarning: Possible EventEmitter memory leak detected. 11 error listeners added to [PoolConnection]. Use emitter.setMaxListeners() to increase limit
(node:14811) MaxListenersExceededWarning: Possible EventEmitter memory leak detected. 11 error listeners added to [PoolConnection]. Use emitter.setMaxListeners() to increase limit
(node:14811) MaxListenersExceededWarning: Possible EventEmitter memory leak detected. 11 error listeners added to [PoolConnection]. Use emitter.setMaxListeners() to increase limit
(node:14811) MaxListenersExceededWarning: Possible EventEmitter memory leak detected. 11 error listeners added to [PoolConnection]. Use emitter.setMaxListeners() to increase limit
(node:14811) MaxListenersExceededWarning: Possible EventEmitter memory leak detected. 11 error listeners added to [PoolConnection]. Use emitter.setMaxListeners() to increase limit
(node:14811) MaxListenersExceededWarning: Possible EventEmitter memory leak detected. 11 error listeners added to [PoolConnection]. Use emitter.setMaxListeners() to increase limit
(node:14811) MaxListenersExceededWarning: Possible EventEmitter memory leak detected. 11 error listeners added to [PoolConnection]. Use emitter.setMaxListeners() to increase limit
(node:14811) MaxListenersExceededWarning: Possible EventEmitter memory leak detected. 11 error listeners added to [PoolConnection]. Use emitter.setMaxListeners() to increase limit
(node:14811) MaxListenersExceededWarning: Possible EventEmitter memory leak detected. 11 error listeners added to [PoolConnection]. Use emitter.setMaxListeners() to increase limit
(node:14811) MaxListenersExceededWarning: Possible EventEmitter memory leak detected. 11 error listeners added to [PoolConnection]. Use emitter.setMaxListeners() to increase limit
(node:14811) MaxListenersExceededWarning: Possible EventEmitter memory leak detected. 11 error listeners added to [PoolConnection]. Use emitter.setMaxListeners() to increase limit
(node:14811) MaxListenersExceededWarning: Possible EventEmitter memory leak detected. 11 error listeners added to [PoolConnection]. Use emitter.setMaxListeners() to increase limit
(node:14811) MaxListenersExceededWarning: Possible EventEmitter memory leak detected. 11 error listeners added to [PoolConnection]. Use emitter.setMaxListeners() to increase limit
(node:14811) MaxListenersExceededWarning: Possible EventEmitter memory leak detected. 11 error listeners added to [PoolConnection]. Use emitter.setMaxListeners() to increase limit
(node:14811) MaxListenersExceededWarning: Possible EventEmitter memory leak detected. 11 error listeners added to [PoolConnection]. Use emitter.setMaxListeners() to increase limit
(node:14811) MaxListenersExceededWarning: Possible EventEmitter memory leak detected. 11 error listeners added to [PoolConnection]. Use emitter.setMaxListeners() to increase limit
(node:14811) MaxListenersExceededWarning: Possible EventEmitter memory leak detected. 11 error listeners added to [PoolConnection]. Use emitter.setMaxListeners() to increase limit
(node:14811) MaxListenersExceededWarning: Possible EventEmitter memory leak detected. 11 error listeners added to [PoolConnection]. Use emitter.setMaxListeners() to increase limit
(node:14811) MaxListenersExceededWarning: Possible EventEmitter memory leak detected. 11 error listeners added to [PoolConnection]. Use emitter.setMaxListeners() to increase limit
(node:14811) MaxListenersExceededWarning: Possible EventEmitter memory leak detected. 11 error listeners added to [PoolConnection]. Use emitter.setMaxListeners() to increase limit
(node:14811) MaxListenersExceededWarning: Possible EventEmitter memory leak detected. 11 error listeners added to [PoolConnection]. Use emitter.setMaxListeners() to increase limit
(node:14811) MaxListenersExceededWarning: Possible EventEmitter memory leak detected. 11 error listeners added to [PoolConnection]. Use emitter.setMaxListeners() to increase limit
(node:14811) MaxListenersExceededWarning: Possible EventEmitter memory leak detected. 11 error listeners added to [PoolConnection]. Use emitter.setMaxListeners() to increase limit
(node:14811) MaxListenersExceededWarning: Possible EventEmitter memory leak detected. 11 error listeners added to [PoolConnection]. Use emitter.setMaxListeners() to increase limit
(node:14811) MaxListenersExceededWarning: Possible EventEmitter memory leak detected. 11 error listeners added to [PoolConnection]. Use emitter.setMaxListeners() to increase limit
(node:14811) MaxListenersExceededWarning: Possible EventEmitter memory leak detected. 11 error listeners added to [PoolConnection]. Use emitter.setMaxListeners() to increase limit
(node:14811) MaxListenersExceededWarning: Possible EventEmitter memory leak detected. 11 error listeners added to [PoolConnection]. Use emitter.setMaxListeners() to increase limit
(node:14811) MaxListenersExceededWarning: Possible EventEmitter memory leak detected. 11 error listeners added to [PoolConnection]. Use emitter.setMaxListeners() to increase limit
(node:14811) MaxListenersExceededWarning: Possible EventEmitter memory leak detected. 11 error listeners added to [PoolConnection]. Use emitter.setMaxListeners() to increase limit
(node:14811) MaxListenersExceededWarning: Possible EventEmitter memory leak detected. 11 error listeners added to [PoolConnection]. Use emitter.setMaxListeners() to increase limit
(node:27675) MaxListenersExceededWarning: Possible EventEmitter memory leak detected. 11 error listeners added to [PoolConnection]. Use emitter.setMaxListeners() to increase limit
(Use `node --trace-warnings ...` to show where the warning was created)
(node:27675) MaxListenersExceededWarning: Possible EventEmitter memory leak detected. 11 error listeners added to [PoolConnection]. Use emitter.setMaxListeners() to increase limit
(node:27675) [DEP0005] DeprecationWarning: Buffer() is deprecated due to security and usability issues. Please use the Buffer.alloc(), Buffer.allocUnsafe(), or Buffer.from() methods instead.
